[0.502s] Invoking command in '/home/tanaka/ros2_ws/src/mypkg': PYTHONPATH=/home/tanaka/ros2_ws/src/mypkg/build/mypkg/prefix_override:/usr/lib/python3/dist-packages/colcon_core/task/python/colcon_distutils_commands:/home/tanaka/ros2_ws/src/mypkg/install/mypkg/lib/python3.8/site-packages:${PYTHONPATH} /usr/bin/python3 -W ignore:setup.py install is deprecated setup.py egg_info --egg-base build/mypkg build --build-base /home/tanaka/ros2_ws/src/mypkg/build/mypkg/build install --record /home/tanaka/ros2_ws/src/mypkg/build/mypkg/install.log --install-scripts $base/lib/mypkg --single-version-externally-managed install_data
[0.641s] running egg_info
[0.641s] creating build/mypkg/mypkg.egg-info
[0.641s] writing build/mypkg/mypkg.egg-info/PKG-INFO
[0.641s] writing dependency_links to build/mypkg/mypkg.egg-info/dependency_links.txt
[0.642s] writing entry points to build/mypkg/mypkg.egg-info/entry_points.txt
[0.642s] writing requirements to build/mypkg/mypkg.egg-info/requires.txt
[0.642s] writing top-level names to build/mypkg/mypkg.egg-info/top_level.txt
[0.646s] writing manifest file 'build/mypkg/mypkg.egg-info/SOURCES.txt'
[0.669s] reading manifest file 'build/mypkg/mypkg.egg-info/SOURCES.txt'
[0.669s] writing manifest file 'build/mypkg/mypkg.egg-info/SOURCES.txt'
[0.670s] running build
[0.670s] running build_py
[0.670s] creating /home/tanaka/ros2_ws/src/mypkg/build/mypkg/build
[0.670s] creating /home/tanaka/ros2_ws/src/mypkg/build/mypkg/build/lib
[0.670s] creating /home/tanaka/ros2_ws/src/mypkg/build/mypkg/build/lib/mypkg
[0.671s] copying mypkg/__init__.py -> /home/tanaka/ros2_ws/src/mypkg/build/mypkg/build/lib/mypkg
[0.671s] copying mypkg/talker.py -> /home/tanaka/ros2_ws/src/mypkg/build/mypkg/build/lib/mypkg
[0.671s] running install
[0.672s] running install_lib
[0.672s] creating /home/tanaka/ros2_ws/src/mypkg/install/mypkg/lib/python3.8/site-packages/mypkg
[0.673s] copying /home/tanaka/ros2_ws/src/mypkg/build/mypkg/build/lib/mypkg/__init__.py -> /home/tanaka/ros2_ws/src/mypkg/install/mypkg/lib/python3.8/site-packages/mypkg
[0.673s] copying /home/tanaka/ros2_ws/src/mypkg/build/mypkg/build/lib/mypkg/talker.py -> /home/tanaka/ros2_ws/src/mypkg/install/mypkg/lib/python3.8/site-packages/mypkg
[0.673s] byte-compiling /home/tanaka/ros2_ws/src/mypkg/install/mypkg/lib/python3.8/site-packages/mypkg/__init__.py to __init__.cpython-38.pyc
[0.675s] byte-compiling /home/tanaka/ros2_ws/src/mypkg/install/mypkg/lib/python3.8/site-packages/mypkg/talker.py to talker.cpython-38.pyc
[0.675s] running install_data
[0.675s] creating /home/tanaka/ros2_ws/src/mypkg/install/mypkg/share/ament_index
[0.675s] creating /home/tanaka/ros2_ws/src/mypkg/install/mypkg/share/ament_index/resource_index
[0.675s] creating /home/tanaka/ros2_ws/src/mypkg/install/mypkg/share/ament_index/resource_index/packages
[0.676s] copying resource/mypkg -> /home/tanaka/ros2_ws/src/mypkg/install/mypkg/share/ament_index/resource_index/packages
[0.676s] copying package.xml -> /home/tanaka/ros2_ws/src/mypkg/install/mypkg/share/mypkg
[0.676s] running install_egg_info
[0.677s] Copying build/mypkg/mypkg.egg-info to /home/tanaka/ros2_ws/src/mypkg/install/mypkg/lib/python3.8/site-packages/mypkg-0.0.0-py3.8.egg-info
[0.678s] running install_scripts
[0.690s] Installing listener script to /home/tanaka/ros2_ws/src/mypkg/install/mypkg/lib/mypkg
[0.690s] Installing talker script to /home/tanaka/ros2_ws/src/mypkg/install/mypkg/lib/mypkg
[0.690s] writing list of installed files to '/home/tanaka/ros2_ws/src/mypkg/build/mypkg/install.log'
[0.706s] Invoked command in '/home/tanaka/ros2_ws/src/mypkg' returned '0': PYTHONPATH=/home/tanaka/ros2_ws/src/mypkg/build/mypkg/prefix_override:/usr/lib/python3/dist-packages/colcon_core/task/python/colcon_distutils_commands:/home/tanaka/ros2_ws/src/mypkg/install/mypkg/lib/python3.8/site-packages:${PYTHONPATH} /usr/bin/python3 -W ignore:setup.py install is deprecated setup.py egg_info --egg-base build/mypkg build --build-base /home/tanaka/ros2_ws/src/mypkg/build/mypkg/build install --record /home/tanaka/ros2_ws/src/mypkg/build/mypkg/install.log --install-scripts $base/lib/mypkg --single-version-externally-managed install_data
